[ 2015-06-09T10:08:34+08:00 ] ::1 /record_system/_PUBLIC_/jquery-2.1.4.min/index.js
INFO: [ app_init ] --START--
INFO: Run Behavior\BuildLiteBehavior [ RunTime:0.000016s ]
INFO: [ app_init ] --END-- [ RunTime:0.000333s ]
ERR: 无法加载模块:_PUBLIC_

[ 2015-06-09T10:18:12+08:00 ] ::1 /record_system/_PUBLIC_/jquery-2.1.4.min/index.js
INFO: [ app_init ] --START--
INFO: Run Behavior\BuildLiteBehavior [ RunTime:0.000011s ]
INFO: [ app_init ] --END-- [ RunTime:0.000236s ]
ERR: 无法加载模块:_PUBLIC_

[ 2015-06-09T10:28:13+08:00 ] ::1 /record_system/_PUBLIC_/jquery-1.8.2.min.js
INFO: [ app_init ] --START--
INFO: Run Behavior\BuildLiteBehavior [ RunTime:0.000009s ]
INFO: [ app_init ] --END-- [ RunTime:0.000192s ]
ERR: 无法加载模块:_PUBLIC_

[ 2015-06-09T10:28:32+08:00 ] ::1 /record_system/_PUBLIC_/jquery-1.8.2.min.js
INFO: [ app_init ] --START--
INFO: Run Behavior\BuildLiteBehavior [ RunTime:0.000008s ]
INFO: [ app_init ] --END-- [ RunTime:0.000177s ]
ERR: 无法加载模块:_PUBLIC_

[ 2015-06-09T10:32:06+08:00 ] ::1 /record_system/_PUBLIC_/jquery-1.8.2.min.js
INFO: [ app_init ] --START--
INFO: Run Behavior\BuildLiteBehavior [ RunTime:0.000010s ]
INFO: [ app_init ] --END-- [ RunTime:0.000197s ]
ERR: 无法加载模块:_PUBLIC_

[ 2015-06-09T10:32:20+08:00 ] ::1 /record_system/_PUBLIC_/jquery-1.8.2.min.js
INFO: [ app_init ] --START--
INFO: Run Behavior\BuildLiteBehavior [ RunTime:0.000018s ]
INFO: [ app_init ] --END-- [ RunTime:0.000305s ]
ERR: 无法加载模块:_PUBLIC_

[ 2015-06-09T10:32:43+08:00 ] ::1 /record_system/_PUBLIC_/jquery-1.8.2.min.js
INFO: [ app_init ] --START--
INFO: Run Behavior\BuildLiteBehavior [ RunTime:0.000010s ]
INFO: [ app_init ] --END-- [ RunTime:0.000213s ]
ERR: 无法加载模块:_PUBLIC_

[ 2015-06-09T10:33:12+08:00 ] ::1 /record_system/_PUBLIC_/jquery-1.8.2.min.js
INFO: [ app_init ] --START--
INFO: Run Behavior\BuildLiteBehavior [ RunTime:0.000030s ]
INFO: [ app_init ] --END-- [ RunTime:0.000632s ]
ERR: 无法加载模块:_PUBLIC_

[ 2015-06-09T10:36:19+08:00 ] ::1 /record_system/_PUBLIC_/jquery-1.8.2.min.js
INFO: [ app_init ] --START--
INFO: Run Behavior\BuildLiteBehavior [ RunTime:0.000020s ]
INFO: [ app_init ] --END-- [ RunTime:0.000454s ]
ERR: 无法加载模块:_PUBLIC_

[ 2015-06-09T10:37:50+08:00 ] ::1 /record_system/_PUBLIC_/jquery-1.8.2.min.js
INFO: [ app_init ] --START--
INFO: Run Behavior\BuildLiteBehavior [ RunTime:0.000010s ]
INFO: [ app_init ] --END-- [ RunTime:0.000216s ]
ERR: 无法加载模块:_PUBLIC_

[ 2015-06-09T10:41:43+08:00 ] ::1 /record_system/_PUBLIC_/src/jquery.js
INFO: [ app_init ] --START--
INFO: Run Behavior\BuildLiteBehavior [ RunTime:0.000015s ]
INFO: [ app_init ] --END-- [ RunTime:0.000368s ]
ERR: 无法加载模块:_PUBLIC_

[ 2015-06-09T10:41:47+08:00 ] ::1 /record_system/_PUBLIC_/src/jquery.js
INFO: [ app_init ] --START--
INFO: Run Behavior\BuildLiteBehavior [ RunTime:0.000015s ]
INFO: [ app_init ] --END-- [ RunTime:0.000288s ]
ERR: 无法加载模块:_PUBLIC_

[ 2015-06-09T10:41:57+08:00 ] ::1 /record_system/_PUBLIC_/src/jquery.js
INFO: [ app_init ] --START--
INFO: Run Behavior\BuildLiteBehavior [ RunTime:0.000011s ]
INFO: [ app_init ] --END-- [ RunTime:0.000273s ]
ERR: 无法加载模块:_PUBLIC_

[ 2015-06-09T10:42:11+08:00 ] ::1 /record_system/_PUBLIC_/src/jquery.js
INFO: [ app_init ] --START--
INFO: Run Behavior\BuildLiteBehavior [ RunTime:0.000012s ]
INFO: [ app_init ] --END-- [ RunTime:0.000210s ]
ERR: 无法加载模块:_PUBLIC_

[ 2015-06-09T10:48:13+08:00 ] ::1 /record_system/_PUBLIC_/src/jquery.js
INFO: [ app_init ] --START--
INFO: Run Behavior\BuildLiteBehavior [ RunTime:0.000014s ]
INFO: [ app_init ] --END-- [ RunTime:0.000325s ]
ERR: 无法加载模块:_PUBLIC_

[ 2015-06-09T10:52:19+08:00 ] ::1 /record_system/_PUBLIC_/src/me.js
INFO: [ app_init ] --START--
INFO: Run Behavior\BuildLiteBehavior [ RunTime:0.000019s ]
INFO: [ app_init ] --END-- [ RunTime:0.000212s ]
ERR: 无法加载模块:_PUBLIC_

[ 2015-06-09T10:53:47+08:00 ] ::1 /record_system/_PUBLIC_/src/me.js
INFO: [ app_init ] --START--
INFO: Run Behavior\BuildLiteBehavior [ RunTime:0.000012s ]
INFO: [ app_init ] --END-- [ RunTime:0.000295s ]
ERR: 无法加载模块:_PUBLIC_

[ 2015-06-09T10:57:43+08:00 ] ::1 /record_system/_PUBLIC_/src/me.js
INFO: [ app_init ] --START--
INFO: Run Behavior\BuildLiteBehavior [ RunTime:0.000011s ]
INFO: [ app_init ] --END-- [ RunTime:0.000307s ]
ERR: 无法加载模块:_PUBLIC_

[ 2015-06-09T10:59:59+08:00 ] ::1 /record_system/_PUBLIC_/src/me.js
INFO: [ app_init ] --START--
INFO: Run Behavior\BuildLiteBehavior [ RunTime:0.000018s ]
INFO: [ app_init ] --END-- [ RunTime:0.000494s ]
ERR: 无法加载模块:_PUBLIC_

[ 2015-06-09T11:00:22+08:00 ] ::1 /record_system/_PUBLIC_/src/me.js
INFO: [ app_init ] --START--
INFO: Run Behavior\BuildLiteBehavior [ RunTime:0.000008s ]
INFO: [ app_init ] --END-- [ RunTime:0.000184s ]
ERR: 无法加载模块:_PUBLIC_

[ 2015-06-09T11:01:15+08:00 ] ::1 /record_system/_PUBLIC_/src/me.js
INFO: [ app_init ] --START--
INFO: Run Behavior\BuildLiteBehavior [ RunTime:0.000018s ]
INFO: [ app_init ] --END-- [ RunTime:0.000283s ]
ERR: 无法加载模块:_PUBLIC_

[ 2015-06-09T11:01:20+08:00 ] ::1 /record_system/_PUBLIC_/src/jquery.js
INFO: [ app_init ] --START--
INFO: Run Behavior\BuildLiteBehavior [ RunTime:0.000012s ]
INFO: [ app_init ] --END-- [ RunTime:0.000250s ]
ERR: 无法加载模块:_PUBLIC_

[ 2015-06-09T11:03:37+08:00 ] ::1 /record_system/~/src/jquery.js
INFO: [ app_init ] --START--
INFO: Run Behavior\BuildLiteBehavior [ RunTime:0.000016s ]
INFO: [ app_init ] --END-- [ RunTime:0.000348s ]
ERR: 无法加载模块:~

[ 2015-06-09T11:10:50+08:00 ] ::1 /record_system/APP_/src/jquery.js
INFO: [ app_init ] --START--
INFO: Run Behavior\BuildLiteBehavior [ RunTime:0.000011s ]
INFO: [ app_init ] --END-- [ RunTime:0.000203s ]
ERR: 无法加载模块:APP_

[ 2015-06-09T11:46:36+08:00 ] ::1 /record_system/Public/jquery-2.2.4.min/index.js
INFO: [ app_init ] --START--
INFO: Run Behavior\BuildLiteBehavior [ RunTime:0.000017s ]
INFO: [ app_init ] --END-- [ RunTime:0.000358s ]
ERR: 无法加载模块:Public

[ 2015-06-09T11:46:39+08:00 ] ::1 /record_system/Public/jquery-2.2.4.min/index.js
INFO: [ app_init ] --START--
INFO: Run Behavior\BuildLiteBehavior [ RunTime:0.000022s ]
INFO: [ app_init ] --END-- [ RunTime:0.000429s ]
ERR: 无法加载模块:Public

[ 2015-06-09T11:46:40+08:00 ] ::1 /record_system/Public/jquery-2.2.4.min/index.js
INFO: [ app_init ] --START--
INFO: Run Behavior\BuildLiteBehavior [ RunTime:0.000024s ]
INFO: [ app_init ] --END-- [ RunTime:0.000441s ]
ERR: 无法加载模块:Public

[ 2015-06-09T11:46:41+08:00 ] ::1 /record_system/Public/jquery-2.2.4.min/index.js
INFO: [ app_init ] --START--
INFO: Run Behavior\BuildLiteBehavior [ RunTime:0.000013s ]
INFO: [ app_init ] --END-- [ RunTime:0.000224s ]
ERR: 无法加载模块:Public

[ 2015-06-09T11:52:46+08:00 ] ::1 /record_system/Public/jquery-2.1.4.mim/index.js
INFO: [ app_init ] --START--
INFO: Run Behavior\BuildLiteBehavior [ RunTime:0.000008s ]
INFO: [ app_init ] --END-- [ RunTime:0.000174s ]
ERR: 无法加载模块:Public

[ 2015-06-09T14:53:56+08:00 ] ::1 /record_system/Public/jquery-2.1.4.min.js
INFO: [ app_init ] --START--
INFO: Run Behavior\BuildLiteBehavior [ RunTime:0.000014s ]
INFO: [ app_init ] --END-- [ RunTime:0.000387s ]
ERR: 无法加载模块:Public

[ 2015-06-09T14:54:01+08:00 ] ::1 /record_system/Public/jquery-2.1.4.min.js
INFO: [ app_init ] --START--
INFO: Run Behavior\BuildLiteBehavior [ RunTime:0.000010s ]
INFO: [ app_init ] --END-- [ RunTime:0.000201s ]
ERR: 无法加载模块:Public

[ 2015-06-09T14:55:07+08:00 ] ::1 /record_system/Public/jquery-2.1.4.min.js
INFO: [ app_init ] --START--
INFO: Run Behavior\BuildLiteBehavior [ RunTime:0.000015s ]
INFO: [ app_init ] --END-- [ RunTime:0.000254s ]
ERR: 无法加载模块:Public

[ 2015-06-09T14:55:22+08:00 ] ::1 /record_system/Public/jquery-2.1.4.min.js
INFO: [ app_init ] --START--
INFO: Run Behavior\BuildLiteBehavior [ RunTime:0.000089s ]
INFO: [ app_init ] --END-- [ RunTime:0.000325s ]
ERR: 无法加载模块:Public

